[2026-04-13 16:53:53] Righe ricevute: 545
[2026-04-13 16:53:54] ERRORE FATALE: There is no active transaction
[2026-04-13 16:56:14] Righe ricevute: 545
[2026-04-13 16:56:15] ERRORE FATALE: There is no active transaction
[2026-04-14 07:21:32] Righe ricevute: 560
[2026-04-14 07:21:33] Import completato. Righe inserite: 560
[2026-04-14 07:55:57] Righe ricevute: 560
[2026-04-14 07:55:57] Import completato. Righe inserite: 560
[2026-04-14 08:02:36] Righe ricevute: 560
[2026-04-14 08:02:36] Import completato. Righe inserite: 560
[2026-04-14 08:02:48] Righe ricevute: 560
[2026-04-14 08:02:48] Import completato. Righe inserite: 560
[2026-04-14 08:02:58] Righe ricevute: 560
[2026-04-14 08:02:58] Import completato. Righe inserite: 560
[2026-04-14 08:05:13] Righe ricevute: 560
[2026-04-14 08:05:13] Import completato. Righe inserite: 560
[2026-04-14 08:06:03] Righe ricevute: 560
[2026-04-14 08:06:03] Import completato. Righe inserite: 560
[2026-04-14 08:14:29] Righe ricevute: 560
[2026-04-14 08:14:29] Import completato. Righe inserite: 560
[2026-04-14 08:21:03] Righe ricevute: 560
[2026-04-14 08:21:03] Import completato. Righe inserite: 560
[2026-04-14 08:30:44] Righe ricevute: 548
[2026-04-14 08:30:45] Import completato. Righe inserite: 548
[2026-04-14 08:36:03] Righe ricevute: 550
[2026-04-14 08:36:03] Import completato. Righe inserite: 550
[2026-04-14 08:50:11] Righe ricevute: 550
[2026-04-14 08:50:11] Import completato. Righe inserite: 550
[2026-04-14 08:51:03] Righe ricevute: 550
[2026-04-14 08:51:03] Import completato. Righe inserite: 550
[2026-04-14 08:56:02] Righe ricevute: 550
[2026-04-14 08:56:02] Import completato. Righe inserite: 550
[2026-04-14 08:56:45] Righe ricevute: 550
[2026-04-14 08:56:45] Import completato. Righe inserite: 550
[2026-04-14 08:57:50] Righe ricevute: 550
[2026-04-14 08:57:50] Import completato. Righe inserite: 550
[2026-04-14 09:06:03] Righe ricevute: 550
[2026-04-14 09:06:03] Import completato. Righe inserite: 550
[2026-04-14 09:21:03] Righe ricevute: 550
[2026-04-14 09:21:03] Import completato. Righe inserite: 550
[2026-04-14 09:36:07] Righe ricevute: 552
[2026-04-14 09:37:22] Import completato. Righe inserite: 552
[2026-04-14 09:51:03] Righe ricevute: 552
[2026-04-14 09:51:03] Import completato. Righe inserite: 552
[2026-04-14 10:06:03] Righe ricevute: 554
[2026-04-14 10:06:03] Import completato. Righe inserite: 554
[2026-04-14 10:21:03] Righe ricevute: 554
[2026-04-14 10:21:03] Import completato. Righe inserite: 554
[2026-04-14 10:36:03] Righe ricevute: 554
[2026-04-14 10:36:07] Import completato. Righe inserite: 554
[2026-04-14 10:51:03] Righe ricevute: 554
[2026-04-14 10:51:03] Import completato. Righe inserite: 554
[2026-04-14 11:06:03] Righe ricevute: 554
[2026-04-14 11:06:03] Import completato. Righe inserite: 554
[2026-04-14 11:21:03] Righe ricevute: 554
[2026-04-14 11:21:03] Import completato. Righe inserite: 554
[2026-04-14 11:36:03] Righe ricevute: 554
[2026-04-14 11:36:03] Import completato. Righe inserite: 554
[2026-04-14 11:51:03] Righe ricevute: 554
[2026-04-14 11:51:03] Import completato. Righe inserite: 554
[2026-04-14 12:06:03] Righe ricevute: 554
[2026-04-14 12:06:03] Import completato. Righe inserite: 554
[2026-04-14 12:21:03] Righe ricevute: 553
[2026-04-14 12:21:03] Import completato. Righe inserite: 553
[2026-04-14 12:36:03] Righe ricevute: 553
[2026-04-14 12:36:03] Import completato. Righe inserite: 553
[2026-04-14 12:51:03] Righe ricevute: 553
[2026-04-14 12:51:03] Import completato. Righe inserite: 553
[2026-04-14 13:06:03] Righe ricevute: 553
[2026-04-14 13:06:04] Import completato. Righe inserite: 553
[2026-04-14 13:21:03] Righe ricevute: 553
[2026-04-14 13:21:03] Import completato. Righe inserite: 553
[2026-04-14 13:36:03] Righe ricevute: 553
[2026-04-14 13:36:03] Import completato. Righe inserite: 553
[2026-04-14 13:51:03] Righe ricevute: 553
[2026-04-14 13:51:03] Import completato. Righe inserite: 553
[2026-04-14 14:06:03] Righe ricevute: 554
[2026-04-14 14:06:03] Import completato. Righe inserite: 554
[2026-04-14 14:21:03] Righe ricevute: 554
[2026-04-14 14:21:03] Import completato. Righe inserite: 554
[2026-04-14 14:36:03] Righe ricevute: 554
[2026-04-14 14:36:03] Import completato. Righe inserite: 554
[2026-04-14 14:51:03] Righe ricevute: 554
[2026-04-14 14:51:04] Import completato. Righe inserite: 554
[2026-04-14 15:06:03] Righe ricevute: 554
[2026-04-14 15:06:03] Import completato. Righe inserite: 554
[2026-04-14 15:21:03] Righe ricevute: 554
[2026-04-14 15:21:03] Import completato. Righe inserite: 554
[2026-04-14 15:36:03] Righe ricevute: 554
[2026-04-14 15:36:03] Import completato. Righe inserite: 554
[2026-04-14 15:51:03] Righe ricevute: 554
[2026-04-14 15:51:03] Import completato. Righe inserite: 554
[2026-04-14 16:06:03] Righe ricevute: 554
[2026-04-14 16:06:03] Import completato. Righe inserite: 554
[2026-04-14 16:21:03] Righe ricevute: 554
[2026-04-14 16:21:03] Import completato. Righe inserite: 554
[2026-04-14 16:36:03] Righe ricevute: 554
[2026-04-14 16:36:03] Import completato. Righe inserite: 554
[2026-04-14 16:51:03] Righe ricevute: 554
[2026-04-14 16:51:03] Import completato. Righe inserite: 554
[2026-04-14 17:06:03] Righe ricevute: 553
[2026-04-14 17:06:03] Import completato. Righe inserite: 553
[2026-04-14 17:21:04] Righe ricevute: 554
[2026-04-14 17:21:04] Import completato. Righe inserite: 554
[2026-04-15 07:06:02] Righe ricevute: 557
[2026-04-15 07:06:02] Import completato. Righe inserite: 557
[2026-04-15 07:21:06] Righe ricevute: 557
[2026-04-15 07:21:07] Import completato. Righe inserite: 557
[2026-04-15 07:36:04] Righe ricevute: 557
[2026-04-15 07:36:04] Import completato. Righe inserite: 557
[2026-04-15 07:51:04] Righe ricevute: 557
[2026-04-15 07:51:04] Import completato. Righe inserite: 557
[2026-04-15 08:06:04] Righe ricevute: 557
[2026-04-15 08:06:05] Import completato. Righe inserite: 557
[2026-04-15 08:21:04] Righe ricevute: 557
[2026-04-15 08:21:04] Import completato. Righe inserite: 557
[2026-04-15 08:36:03] Righe ricevute: 557
[2026-04-15 08:36:04] Import completato. Righe inserite: 557
[2026-04-15 08:51:04] Righe ricevute: 557
[2026-04-15 08:51:04] Import completato. Righe inserite: 557
[2026-04-15 09:06:03] Righe ricevute: 557
[2026-04-15 09:06:17] Import completato. Righe inserite: 557
[2026-04-15 09:21:04] Righe ricevute: 557
[2026-04-15 09:21:04] Import completato. Righe inserite: 557
[2026-04-15 09:36:03] Righe ricevute: 516
[2026-04-15 09:36:04] Import completato. Righe inserite: 516
[2026-04-15 09:51:04] Righe ricevute: 516
[2026-04-15 09:51:04] Import completato. Righe inserite: 516
[2026-04-15 10:06:03] Righe ricevute: 516
[2026-04-15 10:06:04] Import completato. Righe inserite: 516
[2026-04-15 10:21:04] Righe ricevute: 516
[2026-04-15 10:21:04] Import completato. Righe inserite: 516
[2026-04-15 10:36:03] Righe ricevute: 516
[2026-04-15 10:36:04] Import completato. Righe inserite: 516
[2026-04-15 11:06:05] Righe ricevute: 520
[2026-04-15 11:06:05] Import completato. Righe inserite: 520
[2026-04-15 11:21:04] Righe ricevute: 520
[2026-04-15 11:21:05] Import completato. Righe inserite: 520
[2026-04-15 11:36:04] Righe ricevute: 520
[2026-04-15 11:36:05] Import completato. Righe inserite: 520
[2026-04-15 11:51:05] Righe ricevute: 519
[2026-04-15 11:51:05] Import completato. Righe inserite: 519
[2026-04-15 12:06:05] Righe ricevute: 519
[2026-04-15 12:06:05] Import completato. Righe inserite: 519
[2026-04-15 12:21:05] Righe ricevute: 519
[2026-04-15 12:21:05] Import completato. Righe inserite: 519
[2026-04-15 12:36:05] Righe ricevute: 519
[2026-04-15 12:36:05] Import completato. Righe inserite: 519
[2026-04-15 12:51:04] Righe ricevute: 519
[2026-04-15 12:51:05] Import completato. Righe inserite: 519
[2026-04-15 13:06:04] Righe ricevute: 519
[2026-04-15 13:06:05] Import completato. Righe inserite: 519
[2026-04-15 13:21:05] Righe ricevute: 519
[2026-04-15 13:21:05] Import completato. Righe inserite: 519
[2026-04-15 13:36:04] Righe ricevute: 519
[2026-04-15 13:36:05] Import completato. Righe inserite: 519
[2026-04-15 13:51:05] Righe ricevute: 519
[2026-04-15 13:51:05] Import completato. Righe inserite: 519
[2026-04-15 14:06:04] Righe ricevute: 519
[2026-04-15 14:06:05] Import completato. Righe inserite: 519
[2026-04-15 14:21:04] Righe ricevute: 519
[2026-04-15 14:21:05] Import completato. Righe inserite: 519
[2026-04-15 14:36:05] Righe ricevute: 519
[2026-04-15 14:36:05] Import completato. Righe inserite: 519
[2026-04-15 14:51:05] Righe ricevute: 519
[2026-04-15 14:51:05] Import completato. Righe inserite: 519
[2026-04-15 15:06:05] Righe ricevute: 519
[2026-04-15 15:06:05] Import completato. Righe inserite: 519
[2026-04-15 15:21:04] Righe ricevute: 519
[2026-04-15 15:21:05] Import completato. Righe inserite: 519
[2026-04-15 15:36:04] Righe ricevute: 519
[2026-04-15 15:36:05] Import completato. Righe inserite: 519
[2026-04-15 15:51:05] Righe ricevute: 519
[2026-04-15 15:51:05] Import completato. Righe inserite: 519
[2026-04-15 16:06:04] Righe ricevute: 519
[2026-04-15 16:06:05] Import completato. Righe inserite: 519
[2026-04-15 16:21:05] Righe ricevute: 519
[2026-04-15 16:21:05] Import completato. Righe inserite: 519
[2026-04-15 16:36:05] Righe ricevute: 519
[2026-04-15 16:36:06] Import completato. Righe inserite: 519
[2026-04-15 16:51:05] Righe ricevute: 519
[2026-04-15 16:51:05] Import completato. Righe inserite: 519
[2026-04-15 17:06:04] Righe ricevute: 519
[2026-04-15 17:06:05] Import completato. Righe inserite: 519
[2026-04-16 07:06:04] Righe ricevute: 543
[2026-04-16 07:06:05] Import completato. Righe inserite: 543
[2026-04-16 07:21:05] Righe ricevute: 543
[2026-04-16 07:21:06] Import completato. Righe inserite: 543
[2026-04-16 07:36:05] Righe ricevute: 543
[2026-04-16 07:36:05] Import completato. Righe inserite: 543
[2026-04-16 07:51:05] Righe ricevute: 543
[2026-04-16 07:51:06] Import completato. Righe inserite: 543
[2026-04-16 08:06:05] Righe ricevute: 543
[2026-04-16 08:06:05] Import completato. Righe inserite: 543
[2026-04-16 08:21:05] Righe ricevute: 543
[2026-04-16 08:21:05] Import completato. Righe inserite: 543
[2026-04-16 08:36:05] Righe ricevute: 543
[2026-04-16 08:36:05] Import completato. Righe inserite: 543
[2026-04-16 08:51:05] Righe ricevute: 543
[2026-04-16 08:51:05] Import completato. Righe inserite: 543
[2026-04-16 09:06:03] Righe ricevute: 543
[2026-04-16 09:06:04] Import completato. Righe inserite: 543
[2026-04-16 09:21:03] Righe ricevute: 543
[2026-04-16 09:21:04] Import completato. Righe inserite: 543
[2026-04-16 09:36:03] Righe ricevute: 543
[2026-04-16 09:36:03] Import completato. Righe inserite: 543
[2026-04-16 09:51:03] Righe ricevute: 543
[2026-04-16 09:51:04] Import completato. Righe inserite: 543
[2026-04-16 10:06:03] Righe ricevute: 543
[2026-04-16 10:06:03] Import completato. Righe inserite: 543
[2026-04-16 10:21:03] Righe ricevute: 543
[2026-04-16 10:21:04] Import completato. Righe inserite: 543
[2026-04-16 10:36:03] Righe ricevute: 543
[2026-04-16 10:36:04] Import completato. Righe inserite: 543
[2026-04-16 10:51:03] Righe ricevute: 543
[2026-04-16 10:51:04] Import completato. Righe inserite: 543
[2026-04-16 11:06:04] Righe ricevute: 543
[2026-04-16 11:06:04] Import completato. Righe inserite: 543
[2026-04-16 11:21:04] Righe ricevute: 543
[2026-04-16 11:21:04] Import completato. Righe inserite: 543
[2026-04-16 11:36:03] Righe ricevute: 543
[2026-04-16 11:36:04] Import completato. Righe inserite: 543
[2026-04-16 11:51:04] Righe ricevute: 543
[2026-04-16 11:51:04] Import completato. Righe inserite: 543
[2026-04-16 12:06:03] Righe ricevute: 543
[2026-04-16 12:06:04] Import completato. Righe inserite: 543
[2026-04-16 12:21:04] Righe ricevute: 545
[2026-04-16 12:21:04] Import completato. Righe inserite: 545
[2026-04-16 12:36:03] Righe ricevute: 545
[2026-04-16 12:36:04] Import completato. Righe inserite: 545
[2026-04-16 12:51:04] Righe ricevute: 545
[2026-04-16 12:51:04] Import completato. Righe inserite: 545
[2026-04-16 13:06:03] Righe ricevute: 545
[2026-04-16 13:06:03] Import completato. Righe inserite: 545
[2026-04-16 13:21:03] Righe ricevute: 545
[2026-04-16 13:21:04] Import completato. Righe inserite: 545
[2026-04-16 13:36:04] Righe ricevute: 545
[2026-04-16 13:36:04] Import completato. Righe inserite: 545
[2026-04-16 13:51:03] Righe ricevute: 545
[2026-04-16 13:51:04] Import completato. Righe inserite: 545
[2026-04-16 14:06:03] Righe ricevute: 545
[2026-04-16 14:06:04] Import completato. Righe inserite: 545
[2026-04-16 14:21:04] Righe ricevute: 545
[2026-04-16 14:21:04] Import completato. Righe inserite: 545
[2026-04-16 14:36:04] Righe ricevute: 545
[2026-04-16 14:36:04] Import completato. Righe inserite: 545
[2026-04-16 14:51:03] Righe ricevute: 545
[2026-04-16 14:51:04] Import completato. Righe inserite: 545
[2026-04-16 15:06:04] Righe ricevute: 546
[2026-04-16 15:06:04] Import completato. Righe inserite: 546
[2026-04-16 15:21:03] Righe ricevute: 546
[2026-04-16 15:21:04] Import completato. Righe inserite: 546
[2026-04-16 15:36:03] Righe ricevute: 547
[2026-04-16 15:36:04] Import completato. Righe inserite: 547
[2026-04-16 15:51:03] Righe ricevute: 549
[2026-04-16 15:51:04] Import completato. Righe inserite: 549
[2026-04-16 16:06:03] Righe ricevute: 549
[2026-04-16 16:06:04] Import completato. Righe inserite: 549
[2026-04-16 16:21:03] Righe ricevute: 549
[2026-04-16 16:21:04] Import completato. Righe inserite: 549
[2026-04-16 16:36:04] Righe ricevute: 550
[2026-04-16 16:36:04] Import completato. Righe inserite: 550
[2026-04-16 16:51:04] Righe ricevute: 551
[2026-04-16 16:51:05] Import completato. Righe inserite: 551
[2026-04-16 17:06:03] Righe ricevute: 551
[2026-04-16 17:06:04] Import completato. Righe inserite: 551
[2026-04-17 07:06:03] Righe ricevute: 551
[2026-04-17 07:06:04] Import completato. Righe inserite: 551
[2026-04-17 07:21:05] Righe ricevute: 551
[2026-04-17 07:21:05] Import completato. Righe inserite: 551
[2026-04-17 07:36:03] Righe ricevute: 551
[2026-04-17 07:36:04] Import completato. Righe inserite: 551
[2026-04-17 07:51:06] Righe ricevute: 551
[2026-04-17 07:51:06] Import completato. Righe inserite: 551
[2026-04-17 08:06:04] Righe ricevute: 551
[2026-04-17 08:06:04] Import completato. Righe inserite: 551
[2026-04-17 08:21:04] Righe ricevute: 505
[2026-04-17 08:21:04] Import completato. Righe inserite: 505
[2026-04-17 08:36:05] Righe ricevute: 505
[2026-04-17 08:36:05] Import completato. Righe inserite: 505
[2026-04-17 08:51:03] Righe ricevute: 505
[2026-04-17 08:51:04] Import completato. Righe inserite: 505
[2026-04-17 09:06:03] Righe ricevute: 505
[2026-04-17 09:06:04] Import completato. Righe inserite: 505
[2026-04-17 09:21:04] Righe ricevute: 505
[2026-04-17 09:21:04] Import completato. Righe inserite: 505
[2026-04-17 09:36:03] Righe ricevute: 505
[2026-04-17 09:36:05] Import completato. Righe inserite: 505
[2026-04-17 09:51:03] Righe ricevute: 505
[2026-04-17 09:51:04] Import completato. Righe inserite: 505
[2026-04-17 10:06:03] Righe ricevute: 505
[2026-04-17 10:06:04] Import completato. Righe inserite: 505
[2026-04-17 10:21:03] Righe ricevute: 505
[2026-04-17 10:21:04] Import completato. Righe inserite: 505
[2026-04-17 10:36:03] Righe ricevute: 505
[2026-04-17 10:36:04] Import completato. Righe inserite: 505
[2026-04-17 10:51:04] Righe ricevute: 504
[2026-04-17 10:51:04] Import completato. Righe inserite: 504
[2026-04-17 11:06:04] Righe ricevute: 504
[2026-04-17 11:06:04] Import completato. Righe inserite: 504
[2026-04-17 11:21:03] Righe ricevute: 504
[2026-04-17 11:21:04] Import completato. Righe inserite: 504
[2026-04-17 11:36:03] Righe ricevute: 504
[2026-04-17 11:36:04] Import completato. Righe inserite: 504
[2026-04-17 11:51:03] Righe ricevute: 504
[2026-04-17 11:51:04] Import completato. Righe inserite: 504
[2026-04-17 12:06:03] Righe ricevute: 504
[2026-04-17 12:06:04] Import completato. Righe inserite: 504
[2026-04-17 12:21:04] Righe ricevute: 504
[2026-04-17 12:21:04] Import completato. Righe inserite: 504
[2026-04-17 12:36:04] Righe ricevute: 504
[2026-04-17 12:36:04] Import completato. Righe inserite: 504
[2026-04-17 12:51:04] Righe ricevute: 504
[2026-04-17 12:51:04] Import completato. Righe inserite: 504
[2026-04-17 13:06:03] Righe ricevute: 504
[2026-04-17 13:06:04] Import completato. Righe inserite: 504
[2026-04-17 13:21:03] Righe ricevute: 504
[2026-04-17 13:21:04] Import completato. Righe inserite: 504
[2026-04-17 13:36:04] Righe ricevute: 504
[2026-04-17 13:36:04] Import completato. Righe inserite: 504
[2026-04-17 13:51:03] Righe ricevute: 504
[2026-04-17 13:51:04] Import completato. Righe inserite: 504
[2026-04-17 14:06:03] Righe ricevute: 504
[2026-04-17 14:06:04] Import completato. Righe inserite: 504
[2026-04-17 14:21:03] Righe ricevute: 505
[2026-04-17 14:21:04] Import completato. Righe inserite: 505
[2026-04-17 14:36:03] Righe ricevute: 505
[2026-04-17 14:36:04] Import completato. Righe inserite: 505
[2026-04-17 14:51:03] Righe ricevute: 505
[2026-04-17 14:51:04] Import completato. Righe inserite: 505
[2026-04-17 15:06:03] Righe ricevute: 505
[2026-04-17 15:06:04] Import completato. Righe inserite: 505
[2026-04-17 15:21:03] Righe ricevute: 505
[2026-04-17 15:21:04] Import completato. Righe inserite: 505
[2026-04-17 15:36:03] Righe ricevute: 505
[2026-04-17 15:36:04] Import completato. Righe inserite: 505
[2026-04-17 15:51:04] Righe ricevute: 505
[2026-04-17 15:51:04] Import completato. Righe inserite: 505
[2026-04-17 16:06:03] Righe ricevute: 505
[2026-04-17 16:06:04] Import completato. Righe inserite: 505
[2026-04-17 16:21:03] Righe ricevute: 506
[2026-04-17 16:21:04] Import completato. Righe inserite: 506
[2026-04-17 16:36:03] Righe ricevute: 506
[2026-04-17 16:36:04] Import completato. Righe inserite: 506
[2026-04-17 16:51:04] Righe ricevute: 506
[2026-04-17 16:51:04] Import completato. Righe inserite: 506
[2026-04-17 17:06:03] Righe ricevute: 506
[2026-04-17 17:06:04] Import completato. Righe inserite: 506
[2026-04-20 07:06:03] Righe ricevute: 544
[2026-04-20 07:06:03] Import completato. Righe inserite: 544
[2026-04-20 07:21:03] Righe ricevute: 544
[2026-04-20 07:21:04] Import completato. Righe inserite: 544
[2026-04-20 07:36:03] Righe ricevute: 544
[2026-04-20 07:36:03] Import completato. Righe inserite: 544
[2026-04-20 07:51:04] Righe ricevute: 544
[2026-04-20 07:51:04] Import completato. Righe inserite: 544
[2026-04-20 08:06:03] Righe ricevute: 544
[2026-04-20 08:06:03] Import completato. Righe inserite: 544
[2026-04-20 08:21:03] Righe ricevute: 518
[2026-04-20 08:21:03] Import completato. Righe inserite: 518
[2026-04-20 08:36:03] Righe ricevute: 518
[2026-04-20 08:36:03] Import completato. Righe inserite: 518
[2026-04-20 08:51:03] Righe ricevute: 518
[2026-04-20 08:51:03] Import completato. Righe inserite: 518
[2026-04-20 09:06:03] Righe ricevute: 518
[2026-04-20 09:06:04] Import completato. Righe inserite: 518
[2026-04-20 09:21:03] Righe ricevute: 518
[2026-04-20 09:21:03] Import completato. Righe inserite: 518
[2026-04-20 09:36:03] Righe ricevute: 518
[2026-04-20 09:36:04] Import completato. Righe inserite: 518
[2026-04-20 09:51:03] Righe ricevute: 518
[2026-04-20 09:51:03] Import completato. Righe inserite: 518
[2026-04-20 10:06:03] Righe ricevute: 518
[2026-04-20 10:06:03] Import completato. Righe inserite: 518
[2026-04-20 10:21:03] Righe ricevute: 519
[2026-04-20 10:21:04] Import completato. Righe inserite: 519
[2026-04-20 10:36:03] Righe ricevute: 519
[2026-04-20 10:36:04] Import completato. Righe inserite: 519
[2026-04-20 10:51:03] Righe ricevute: 519
[2026-04-20 10:51:04] Import completato. Righe inserite: 519
[2026-04-20 11:06:03] Righe ricevute: 519
[2026-04-20 11:06:03] Import completato. Righe inserite: 519
[2026-04-20 11:21:03] Righe ricevute: 519
[2026-04-20 11:21:03] Import completato. Righe inserite: 519
[2026-04-20 11:36:03] Righe ricevute: 519
[2026-04-20 11:36:03] Import completato. Righe inserite: 519
[2026-04-20 11:51:03] Righe ricevute: 519
[2026-04-20 11:51:03] Import completato. Righe inserite: 519
[2026-04-20 12:06:03] Righe ricevute: 519
[2026-04-20 12:06:03] Import completato. Righe inserite: 519
[2026-04-20 12:21:03] Righe ricevute: 519
[2026-04-20 12:21:03] Import completato. Righe inserite: 519
[2026-04-20 12:36:03] Righe ricevute: 519
[2026-04-20 12:36:03] Import completato. Righe inserite: 519
[2026-04-20 12:51:03] Righe ricevute: 519
[2026-04-20 12:51:03] Import completato. Righe inserite: 519
[2026-04-20 13:06:03] Righe ricevute: 519
[2026-04-20 13:06:03] Import completato. Righe inserite: 519
[2026-04-20 13:21:03] Righe ricevute: 519
[2026-04-20 13:21:03] Import completato. Righe inserite: 519
[2026-04-20 13:36:03] Righe ricevute: 519
[2026-04-20 13:36:03] Import completato. Righe inserite: 519
[2026-04-20 13:51:03] Righe ricevute: 519
[2026-04-20 13:51:03] Import completato. Righe inserite: 519
[2026-04-20 14:06:03] Righe ricevute: 519
[2026-04-20 14:06:03] Import completato. Righe inserite: 519
[2026-04-20 14:21:03] Righe ricevute: 519
[2026-04-20 14:21:03] Import completato. Righe inserite: 519
[2026-04-20 14:36:03] Righe ricevute: 519
[2026-04-20 14:36:03] Import completato. Righe inserite: 519
[2026-04-20 14:51:03] Righe ricevute: 519
[2026-04-20 14:51:03] Import completato. Righe inserite: 519
[2026-04-20 15:06:03] Righe ricevute: 519
[2026-04-20 15:06:03] Import completato. Righe inserite: 519
[2026-04-20 15:21:03] Righe ricevute: 519
[2026-04-20 15:21:03] Import completato. Righe inserite: 519
[2026-04-20 15:36:03] Righe ricevute: 519
[2026-04-20 15:36:03] Import completato. Righe inserite: 519
[2026-04-20 15:51:03] Righe ricevute: 519
[2026-04-20 15:51:03] Import completato. Righe inserite: 519
[2026-04-20 16:06:03] Righe ricevute: 519
[2026-04-20 16:06:03] Import completato. Righe inserite: 519
[2026-04-20 16:21:03] Righe ricevute: 519
[2026-04-20 16:21:03] Import completato. Righe inserite: 519
[2026-04-20 16:36:03] Righe ricevute: 519
[2026-04-20 16:36:03] Import completato. Righe inserite: 519
[2026-04-20 16:51:05] Righe ricevute: 519
[2026-04-20 16:51:05] Import completato. Righe inserite: 519
[2026-04-21 07:06:04] Righe ricevute: 531
[2026-04-21 07:06:04] Import completato. Righe inserite: 531
[2026-04-21 07:21:04] Righe ricevute: 531
[2026-04-21 07:21:04] Import completato. Righe inserite: 531
[2026-04-21 07:36:04] Righe ricevute: 531
[2026-04-21 07:36:04] Import completato. Righe inserite: 531
[2026-04-21 07:51:04] Righe ricevute: 531
[2026-04-21 07:51:04] Import completato. Righe inserite: 531
[2026-04-21 08:06:04] Righe ricevute: 532
[2026-04-21 08:06:04] Import completato. Righe inserite: 532
[2026-04-21 08:21:05] Righe ricevute: 529
[2026-04-21 08:21:05] Import completato. Righe inserite: 529
[2026-04-21 08:36:04] Righe ricevute: 529
[2026-04-21 08:36:04] Import completato. Righe inserite: 529
[2026-04-21 08:51:04] Righe ricevute: 529
[2026-04-21 08:51:04] Import completato. Righe inserite: 529
[2026-04-21 09:06:04] Righe ricevute: 529
[2026-04-21 09:06:04] Import completato. Righe inserite: 529
[2026-04-21 09:21:04] Righe ricevute: 529
[2026-04-21 09:21:04] Import completato. Righe inserite: 529
[2026-04-21 09:36:04] Righe ricevute: 529
[2026-04-21 09:36:04] Import completato. Righe inserite: 529
[2026-04-21 09:51:04] Righe ricevute: 531
[2026-04-21 09:51:44] Import completato. Righe inserite: 531
[2026-04-21 10:06:04] Righe ricevute: 532
[2026-04-21 10:06:05] Import completato. Righe inserite: 532
[2026-04-21 10:21:04] Righe ricevute: 532
[2026-04-21 10:21:04] Import completato. Righe inserite: 532
[2026-04-21 10:36:04] Righe ricevute: 532
[2026-04-21 10:36:04] Import completato. Righe inserite: 532
[2026-04-21 10:51:04] Righe ricevute: 532
[2026-04-21 10:51:04] Import completato. Righe inserite: 532
[2026-04-21 11:06:04] Righe ricevute: 532
[2026-04-21 11:06:04] Import completato. Righe inserite: 532
[2026-04-21 11:21:04] Righe ricevute: 532
[2026-04-21 11:21:05] Import completato. Righe inserite: 532
[2026-04-21 11:36:04] Righe ricevute: 532
[2026-04-21 11:36:04] Import completato. Righe inserite: 532
[2026-04-21 11:51:05] Righe ricevute: 532
[2026-04-21 11:51:05] Import completato. Righe inserite: 532
[2026-04-21 12:06:04] Righe ricevute: 532
[2026-04-21 12:06:04] Import completato. Righe inserite: 532
[2026-04-21 12:21:04] Righe ricevute: 531
[2026-04-21 12:21:04] Import completato. Righe inserite: 531
[2026-04-21 12:36:04] Righe ricevute: 531
[2026-04-21 12:36:04] Import completato. Righe inserite: 531
[2026-04-21 12:51:04] Righe ricevute: 531
[2026-04-21 12:51:04] Import completato. Righe inserite: 531
[2026-04-21 13:06:04] Righe ricevute: 531
[2026-04-21 13:06:04] Import completato. Righe inserite: 531
[2026-04-21 13:21:04] Righe ricevute: 531
[2026-04-21 13:21:04] Import completato. Righe inserite: 531
[2026-04-21 13:36:04] Righe ricevute: 531
[2026-04-21 13:36:04] Import completato. Righe inserite: 531
[2026-04-21 13:51:04] Righe ricevute: 531
[2026-04-21 13:51:04] Import completato. Righe inserite: 531
[2026-04-21 14:06:04] Righe ricevute: 531
[2026-04-21 14:06:04] Import completato. Righe inserite: 531
[2026-04-21 14:21:04] Righe ricevute: 532
[2026-04-21 14:21:04] Import completato. Righe inserite: 532
[2026-04-21 14:36:04] Righe ricevute: 532
[2026-04-21 14:36:04] Import completato. Righe inserite: 532
[2026-04-21 14:51:04] Righe ricevute: 532
[2026-04-21 14:51:04] Import completato. Righe inserite: 532
[2026-04-21 15:06:04] Righe ricevute: 533
[2026-04-21 15:06:04] Import completato. Righe inserite: 533
[2026-04-21 15:21:04] Righe ricevute: 533
[2026-04-21 15:21:05] Import completato. Righe inserite: 533
[2026-04-21 15:36:05] Righe ricevute: 533
[2026-04-21 15:36:05] Import completato. Righe inserite: 533
[2026-04-21 15:51:05] Righe ricevute: 545
[2026-04-21 15:51:05] Import completato. Righe inserite: 545
[2026-04-21 16:06:05] Righe ricevute: 545
[2026-04-21 16:06:05] Import completato. Righe inserite: 545
[2026-04-21 16:21:05] Righe ricevute: 545
[2026-04-21 16:21:05] Import completato. Righe inserite: 545
[2026-04-21 16:36:04] Righe ricevute: 545
[2026-04-21 16:36:04] Import completato. Righe inserite: 545
[2026-04-21 16:51:04] Righe ricevute: 547
[2026-04-21 16:52:03] Errore riga indice 103: SQLSTATE[HY000]: General error: 2006 MySQL server has gone away
[2026-04-21 16:52:03] Contenuto riga: {"N_Ordine":"72512","Data_Ordine":"2026-01-28","N_Riga":"2","Fornitore":"COLOMBO ING.AUG.STAMPAGGI TERMOPL.","Data_Consegna":"2026-03-27","Articolo":"73465","Descrizione":"ASS. ANELLO CONDUTTORE RODIATO MINI","Q_Ordinata":"200.00","Q_Consegnata":"199.00","Q_Residua":"1.00","progr_1":"1","progr_2":"25","nota":"In Ritardo da 25 Giorni","Ultimo_Sollecito_Mail":"9999-12-31"}
[2026-04-21 17:06:04] Righe ricevute: 547
[2026-04-21 17:06:04] Import completato. Righe inserite: 547
[2026-04-22 07:06:03] Righe ricevute: 561
[2026-04-22 07:06:04] Import completato. Righe inserite: 561
[2026-04-22 07:21:04] Righe ricevute: 561
[2026-04-22 07:21:04] Import completato. Righe inserite: 561
[2026-04-22 07:36:04] Righe ricevute: 561
[2026-04-22 07:36:04] Import completato. Righe inserite: 561
[2026-04-22 07:51:04] Righe ricevute: 561
[2026-04-22 07:51:04] Import completato. Righe inserite: 561
[2026-04-22 08:06:04] Righe ricevute: 561
[2026-04-22 08:06:04] Import completato. Righe inserite: 561
[2026-04-22 08:21:04] Righe ricevute: 547
[2026-04-22 08:21:04] Import completato. Righe inserite: 547
[2026-04-22 08:36:04] Righe ricevute: 547
[2026-04-22 08:36:04] Import completato. Righe inserite: 547
[2026-04-22 08:51:04] Righe ricevute: 547
[2026-04-22 08:51:04] Import completato. Righe inserite: 547
[2026-04-22 09:06:04] Righe ricevute: 548
[2026-04-22 09:06:04] Import completato. Righe inserite: 548
[2026-04-22 09:21:04] Righe ricevute: 548
[2026-04-22 09:21:04] Import completato. Righe inserite: 548
[2026-04-22 09:36:04] Righe ricevute: 548
[2026-04-22 09:36:04] Import completato. Righe inserite: 548
[2026-04-22 09:51:08] Righe ricevute: 548
[2026-04-22 09:51:09] Import completato. Righe inserite: 548
[2026-04-22 10:06:04] Righe ricevute: 548
[2026-04-22 10:06:04] Import completato. Righe inserite: 548
[2026-04-22 10:21:04] Righe ricevute: 548
[2026-04-22 10:21:05] Import completato. Righe inserite: 548
[2026-04-22 10:36:04] Righe ricevute: 548
[2026-04-22 10:36:04] Import completato. Righe inserite: 548
[2026-04-22 10:51:04] Righe ricevute: 548
[2026-04-22 10:51:04] Import completato. Righe inserite: 548
[2026-04-22 11:06:04] Righe ricevute: 548
[2026-04-22 11:06:04] Import completato. Righe inserite: 548
[2026-04-22 11:21:04] Righe ricevute: 548
[2026-04-22 11:21:04] Import completato. Righe inserite: 548
[2026-04-22 11:36:04] Righe ricevute: 548
[2026-04-22 11:36:04] Import completato. Righe inserite: 548
[2026-04-22 11:51:04] Righe ricevute: 548
[2026-04-22 11:51:04] Import completato. Righe inserite: 548
[2026-04-22 12:06:04] Righe ricevute: 548
[2026-04-22 12:06:04] Import completato. Righe inserite: 548
[2026-04-22 12:21:04] Righe ricevute: 548
[2026-04-22 12:21:04] Import completato. Righe inserite: 548
[2026-04-22 12:36:04] Righe ricevute: 548
[2026-04-22 12:36:05] Import completato. Righe inserite: 548
[2026-04-22 12:51:04] Righe ricevute: 548
[2026-04-22 12:51:04] Import completato. Righe inserite: 548
[2026-04-22 13:06:04] Righe ricevute: 548
[2026-04-22 13:06:04] Import completato. Righe inserite: 548
[2026-04-22 13:21:04] Righe ricevute: 548
[2026-04-22 13:21:04] Import completato. Righe inserite: 548
[2026-04-22 13:36:04] Righe ricevute: 548
[2026-04-22 13:36:04] Import completato. Righe inserite: 548
[2026-04-22 13:51:04] Righe ricevute: 548
[2026-04-22 13:51:04] Import completato. Righe inserite: 548
[2026-04-22 14:06:04] Righe ricevute: 548
[2026-04-22 14:06:04] Import completato. Righe inserite: 548
[2026-04-22 14:21:04] Righe ricevute: 548
[2026-04-22 14:21:04] Import completato. Righe inserite: 548
[2026-04-22 14:36:04] Righe ricevute: 548
[2026-04-22 14:36:04] Import completato. Righe inserite: 548
[2026-04-22 14:51:04] Righe ricevute: 548
[2026-04-22 14:51:04] Import completato. Righe inserite: 548
[2026-04-22 15:06:04] Righe ricevute: 548
[2026-04-22 15:06:04] Import completato. Righe inserite: 548
[2026-04-22 15:21:04] Righe ricevute: 547
[2026-04-22 15:21:04] Import completato. Righe inserite: 547
[2026-04-22 15:36:04] Righe ricevute: 547
[2026-04-22 15:36:04] Import completato. Righe inserite: 547
[2026-04-22 15:51:04] Righe ricevute: 547
[2026-04-22 15:51:04] Import completato. Righe inserite: 547
[2026-04-22 16:06:04] Righe ricevute: 547
[2026-04-22 16:06:04] Import completato. Righe inserite: 547
[2026-04-22 16:21:04] Righe ricevute: 547
[2026-04-22 16:21:04] Import completato. Righe inserite: 547
[2026-04-22 16:36:04] Righe ricevute: 549
[2026-04-22 16:36:04] Import completato. Righe inserite: 549
[2026-04-22 16:51:05] Righe ricevute: 549
[2026-04-22 16:51:05] Import completato. Righe inserite: 549
[2026-04-22 17:06:04] Righe ricevute: 549
[2026-04-22 17:06:04] Import completato. Righe inserite: 549
[2026-04-22 17:21:04] Righe ricevute: 549
[2026-04-22 17:21:04] Import completato. Righe inserite: 549
[2026-04-22 17:36:04] Righe ricevute: 549
[2026-04-22 17:36:04] Import completato. Righe inserite: 549
[2026-04-22 17:51:04] Righe ricevute: 549
[2026-04-22 17:51:04] Import completato. Righe inserite: 549
[2026-04-22 18:06:04] Righe ricevute: 549
[2026-04-22 18:06:04] Import completato. Righe inserite: 549
[2026-04-22 18:22:03] Righe ricevute: 549
[2026-04-22 18:22:03] Import completato. Righe inserite: 549
[2026-04-23 07:06:03] Righe ricevute: 607
[2026-04-23 07:06:04] Import completato. Righe inserite: 607
